<?xml version="1.0" encoding="UTF-8"?>
<robot generator="Robot 5.0.1 (Python 3.10.6 on win32)" generated="20220816 12:50:03.459" rpa="false" schemaversion="3">
<suite id="s1" name="Python+Robot" source="C:\QA\Python+Robot">
<suite id="s1-s1" name="Test" source="C:\QA\Python+Robot\test.robot">
<test id="s1-s1-t1" name="Deve retornar mensagem de boas vindas" line="6">
<kw name="Welcome" library="app">
<var>${result}</var>
<arg>André Luiz</arg>
<msg timestamp="20220816 12:50:03.499" level="INFO">${result} = Olá André Luiz, bem-vindo ao curso básico de Robot Framework!</msg>
<status status="PASS" starttime="20220816 12:50:03.498" endtime="20220816 12:50:03.500"/>
</kw>
<kw name="Should Be Equal" library="BuiltIn">
<arg>${result}</arg>
<arg>Olá André Luiz, bem-vindo ao curso básico de Robot Framework!</arg>
<doc>Fails if the given objects are unequal.</doc>
<status status="PASS" starttime="20220816 12:50:03.501" endtime="20220816 12:50:03.502"/>
</kw>
<status status="PASS" starttime="20220816 12:50:03.495" endtime="20220816 12:50:03.502"/>
</test>
<status status="PASS" starttime="20220816 12:50:03.491" endtime="20220816 12:50:03.504"/>
</suite>
<status status="PASS" starttime="20220816 12:50:03.464" endtime="20220816 12:50:03.507"/>
</suite>
<statistics>
<total>
<stat pass="1" fail="0" skip="0">All Tests</stat>
</total>
<tag>
</tag>
<suite>
<stat pass="1" fail="0" skip="0" id="s1" name="Python+Robot">Python+Robot</stat>
<stat pass="1" fail="0" skip="0" id="s1-s1" name="Test">Python+Robot.Test</stat>
</suite>
</statistics>
<errors>
</errors>
</robot>
